<?xml version="1.0" encoding="UTF-8"?>
<coverage generated="1651507441282" clover="3.2.0">
  <project timestamp="1651507441282" name="All files">
    <metrics statements="29" coveredstatements="12" conditionals="0" coveredconditionals="0" methods="11" coveredmethods="4" elements="40" coveredelements="16" complexity="0" loc="29" ncloc="29" packages="1" files="1" classes="1"/>
    <file name="dbHandler.js" path="N:\OneDrive\Uni\Year 3\FYP\Implementation\FYP\Final-Year-Project-1\modules\dbHandler.js">
      <metrics statements="29" coveredstatements="12" conditionals="0" coveredconditionals="0" methods="11" coveredmethods="4"/>
      <line num="11" count="1" type="stmt"/>
      <line num="12" count="1" type="stmt"/>
      <line num="16" count="1" type="stmt"/>
      <line num="17" count="1" type="stmt"/>
      <line num="19" count="0" type="stmt"/>
      <line num="23" count="1" type="stmt"/>
      <line num="30" count="1" type="stmt"/>
      <line num="31" count="1" type="stmt"/>
      <line num="32" count="1" type="stmt"/>
      <line num="37" count="0" type="stmt"/>
      <line num="38" count="0" type="stmt"/>
      <line num="39" count="0" type="stmt"/>
      <line num="44" count="1" type="stmt"/>
      <line num="45" count="1" type="stmt"/>
      <line num="50" count="0" type="stmt"/>
      <line num="51" count="0" type="stmt"/>
      <line num="52" count="0" type="stmt"/>
      <line num="57" count="0" type="stmt"/>
      <line num="58" count="0" type="stmt"/>
      <line num="63" count="0" type="stmt"/>
      <line num="64" count="0" type="stmt"/>
      <line num="69" count="0" type="stmt"/>
      <line num="70" count="0" type="stmt"/>
      <line num="75" count="0" type="stmt"/>
      <line num="76" count="0" type="stmt"/>
      <line num="82" count="0" type="stmt"/>
      <line num="86" count="0" type="stmt"/>
      <line num="90" count="1" type="stmt"/>
      <line num="91" count="1" type="stmt"/>
    </file>
  </project>
</coverage>
