{"N:\\OneDrive\\Uni\\Year 3\\FYP\\Implementation\\FYP\\Final-Year-Project-1\\modules\\dbHandler.js": {"path":"N:\\OneDrive\\Uni\\Year 3\\FYP\\Implementation\\FYP\\Final-Year-Project-1\\modules\\dbHandler.js","statementMap":{"0":{"start":{"line":11,"column":2},"end":{"line":20,"column":3}},"1":{"start":{"line":12,"column":15},"end":{"line":15,"column":6}},"2":{"start":{"line":16,"column":4},"end":{"line":16,"column":57}},"3":{"start":{"line":17,"column":4},"end":{"line":17,"column":14}},"4":{"start":{"line":19,"column":4},"end":{"line":19,"column":21}},"5":{"start":{"line":23,"column":18},"end":{"line":23,"column":24}},"6":{"start":{"line":30,"column":13},"end":{"line":30,"column":28}},"7":{"start":{"line":31,"column":2},"end":{"line":31,"column":64}},"8":{"start":{"line":32,"column":2},"end":{"line":32,"column":19}},"9":{"start":{"line":37,"column":13},"end":{"line":37,"column":28}},"10":{"start":{"line":38,"column":2},"end":{"line":38,"column":64}},"11":{"start":{"line":39,"column":2},"end":{"line":39,"column":19}},"12":{"start":{"line":44,"column":13},"end":{"line":44,"column":28}},"13":{"start":{"line":45,"column":2},"end":{"line":45,"column":93}},"14":{"start":{"line":50,"column":13},"end":{"line":50,"column":28}},"15":{"start":{"line":51,"column":2},"end":{"line":51,"column":172}},"16":{"start":{"line":52,"column":2},"end":{"line":52,"column":19}},"17":{"start":{"line":57,"column":13},"end":{"line":57,"column":28}},"18":{"start":{"line":58,"column":2},"end":{"line":58,"column":94}},"19":{"start":{"line":63,"column":13},"end":{"line":63,"column":28}},"20":{"start":{"line":64,"column":2},"end":{"line":64,"column":73}},"21":{"start":{"line":69,"column":13},"end":{"line":69,"column":28}},"22":{"start":{"line":70,"column":2},"end":{"line":70,"column":73}},"23":{"start":{"line":75,"column":13},"end":{"line":75,"column":28}},"24":{"start":{"line":76,"column":2},"end":{"line":77,"column":45}},"25":{"start":{"line":82,"column":13},"end":{"line":82,"column":28}},"26":{"start":{"line":86,"column":2},"end":{"line":86,"column":113}},"27":{"start":{"line":90,"column":13},"end":{"line":90,"column":28}},"28":{"start":{"line":91,"column":2},"end":{"line":91,"column":52}}},"fnMap":{"0":{"name":"init","decl":{"start":{"line":10,"column":15},"end":{"line":10,"column":19}},"loc":{"start":{"line":10,"column":22},"end":{"line":21,"column":1}},"line":10},"1":{"name":"getURLS","decl":{"start":{"line":29,"column":22},"end":{"line":29,"column":29}},"loc":{"start":{"line":29,"column":32},"end":{"line":33,"column":1}},"line":29},"2":{"name":"getFilters","decl":{"start":{"line":36,"column":22},"end":{"line":36,"column":32}},"loc":{"start":{"line":36,"column":35},"end":{"line":40,"column":1}},"line":36},"3":{"name":"getFilterByID","decl":{"start":{"line":43,"column":22},"end":{"line":43,"column":35}},"loc":{"start":{"line":43,"column":40},"end":{"line":46,"column":1}},"line":43},"4":{"name":"siteFilter","decl":{"start":{"line":49,"column":22},"end":{"line":49,"column":32}},"loc":{"start":{"line":49,"column":35},"end":{"line":53,"column":1}},"line":49},"5":{"name":"newWebsite","decl":{"start":{"line":55,"column":22},"end":{"line":55,"column":32}},"loc":{"start":{"line":55,"column":49},"end":{"line":59,"column":1}},"line":55},"6":{"name":"newFilter","decl":{"start":{"line":62,"column":22},"end":{"line":62,"column":31}},"loc":{"start":{"line":62,"column":40},"end":{"line":65,"column":1}},"line":62},"7":{"name":"removeWebsite","decl":{"start":{"line":68,"column":22},"end":{"line":68,"column":35}},"loc":{"start":{"line":68,"column":45},"end":{"line":71,"column":1}},"line":68},"8":{"name":"updateWebsite","decl":{"start":{"line":74,"column":22},"end":{"line":74,"column":35}},"loc":{"start":{"line":74,"column":75},"end":{"line":78,"column":1}},"line":74},"9":{"name":"findUser","decl":{"start":{"line":81,"column":22},"end":{"line":81,"column":30}},"loc":{"start":{"line":81,"column":51},"end":{"line":87,"column":1}},"line":81},"10":{"name":"findUsernames","decl":{"start":{"line":89,"column":22},"end":{"line":89,"column":35}},"loc":{"start":{"line":89,"column":38},"end":{"line":92,"column":1}},"line":89}},"branchMap":{},"s":{"0":1,"1":1,"2":1,"3":1,"4":0,"5":1,"6":1,"7":1,"8":1,"9":0,"10":0,"11":0,"12":1,"13":1,"14":0,"15":0,"16":0,"17":0,"18":0,"19":0,"20":0,"21":0,"22":0,"23":0,"24":0,"25":0,"26":0,"27":1,"28":1},"f":{"0":1,"1":1,"2":0,"3":1,"4":0,"5":0,"6":0,"7":0,"8":0,"9":0,"10":1},"b":{},"_coverageSchema":"1a1c01bbd47fc00a2c39e90264f33305004495a9","hash":"f73b7cbb1046e28c059e2fe58841c9a550b85909"}
}
