TN:
SF:modules\dbHandler.js
FN:10,init
FN:29,getURLS
FN:36,getFilters
FN:43,getFilterByID
FN:49,siteFilter
FN:55,newWebsite
FN:62,newFilter
FN:68,removeWebsite
FN:74,updateWebsite
FN:81,findUser
FN:89,findUsernames
FNF:11
FNH:4
FNDA:1,init
FNDA:1,getURLS
FNDA:0,getFilters
FNDA:1,getFilterByID
FNDA:0,siteFilter
FNDA:0,newWebsite
FNDA:0,newFilter
FNDA:0,removeWebsite
FNDA:0,updateWebsite
FNDA:0,findUser
FNDA:1,findUsernames
DA:11,1
DA:12,1
DA:16,1
DA:17,1
DA:19,0
DA:23,1
DA:30,1
DA:31,1
DA:32,1
DA:37,0
DA:38,0
DA:39,0
DA:44,1
DA:45,1
DA:50,0
DA:51,0
DA:52,0
DA:57,0
DA:58,0
DA:63,0
DA:64,0
DA:69,0
DA:70,0
DA:75,0
DA:76,0
DA:82,0
DA:86,0
DA:90,1
DA:91,1
LF:29
LH:12
BRF:0
BRH:0
end_of_record
